Starting a Gradle Daemon, 1 busy Daemon could not be reused, use --status for details
Exception in thread "DisconnectableInputStream source reader" org.gradle.api.UncheckedIOException: java.io.IOException: Acceso denegado
	at org.gradle.internal.UncheckedException.throwAsUncheckedException(UncheckedException.java:61)
	at org.gradle.internal.UncheckedException.throwAsUncheckedException(UncheckedException.java:41)
	at org.gradle.util.DisconnectableInputStream$1.run(DisconnectableInputStream.java:127)
	at java.lang.Thread.run(Thread.java:748)
Caused by: java.io.IOException: Acceso denegado
	at java.io.FileInputStream.readBytes(Native Method)
	at java.io.FileInputStream.read(FileInputStream.java:255)
	at java.io.BufferedInputStream.read1(BufferedInputStream.java:284)
	at java.io.BufferedInputStream.read(BufferedInputStream.java:345)
	at org.gradle.util.DisconnectableInputStream$1.run(DisconnectableInputStream.java:98)
	... 1 more
> Task :compileJava UP-TO-DATE
> Task :processResources
> Task :classes

> Task :bootRun

  .   ____          _            __ _ _
 /\\ / ___'_ __ _ _(_)_ __  __ _ \ \ \ \
( ( )\___ | '_ | '_| | '_ \/ _` | \ \ \ \
 \\/  ___)| |_)| | | | | || (_| |  ) ) ) )
  '  |____| .__|_| |_|_| |_\__, | / / / /
 =========|_|==============|___/=/_/_/_/
 :: Spring Boot ::        (v2.3.4.RELEASE)

2020-12-15 21:10:08.360  INFO 11156 --- [  restartedMain] c.d.DevOpsUsach2020Application           : Starting DevOpsUsach2020Application on LAPTOP-9VCSBIC0 with PID 11156 (C:\Users\EscalamientoSoporte\ejemplo-gradle\ejemplo-gradle\build\classes\java\main started by EscalamientoSoporte in C:\Users\EscalamientoSoporte\ejemplo-gradle\ejemplo-gradle)
2020-12-15 21:10:08.375  INFO 11156 --- [  restartedMain] c.d.DevOpsUsach2020Application           : No active profile set, falling back to default profiles: default
2020-12-15 21:10:08.637  INFO 11156 --- [  restartedMain] .e.DevToolsPropertyDefaultsPostProcessor : Devtools property defaults active! Set 'spring.devtools.add-properties' to 'false' to disable
2020-12-15 21:10:08.637  INFO 11156 --- [  restartedMain] .e.DevToolsPropertyDefaultsPostProcessor : For additional web related logging consider setting the 'logging.level.web' property to 'DEBUG'
2020-12-15 21:10:11.962  INFO 11156 --- [  restartedMain] o.s.b.w.embedded.tomcat.TomcatWebServer  : Tomcat initialized with port(s): 8082 (http)
2020-12-15 21:10:11.984  INFO 11156 --- [  restartedMain] o.apache.catalina.core.StandardService   : Starting service [Tomcat]
2020-12-15 21:10:11.985  INFO 11156 --- [  restartedMain] org.apache.catalina.core.StandardEngine  : Starting Servlet engine: [Apache Tomcat/9.0.38]
2020-12-15 21:10:12.167  INFO 11156 --- [  restartedMain] o.a.c.c.C.[Tomcat].[localhost].[/]       : Initializing Spring embedded WebApplicationContext
2020-12-15 21:10:12.169  INFO 11156 --- [  restartedMain] w.s.c.ServletWebServerApplicationContext : Root WebApplicationContext: initialization completed in 3532 ms
2020-12-15 21:10:12.790  INFO 11156 --- [  restartedMain] o.s.s.concurrent.ThreadPoolTaskExecutor  : Initializing ExecutorService 'applicationTaskExecutor'
2020-12-15 21:10:14.078  WARN 11156 --- [  restartedMain] o.s.b.d.a.OptionalLiveReloadServer       : Unable to start LiveReload server
2020-12-15 21:10:14.165  WARN 11156 --- [  restartedMain] ConfigServletWebServerApplicationContext : Exception encountered during context initialization - cancelling refresh attempt: org.springframework.context.ApplicationContextException: Failed to start bean 'webServerStartStop'; nested exception is org.springframework.boot.web.server.PortInUseException: Port 8082 is already in use
2020-12-15 21:10:14.171  INFO 11156 --- [  restartedMain] o.s.s.concurrent.ThreadPoolTaskExecutor  : Shutting down ExecutorService 'applicationTaskExecutor'
2020-12-15 21:10:14.181  INFO 11156 --- [  restartedMain] o.apache.catalina.core.StandardService   : Stopping service [Tomcat]
2020-12-15 21:10:14.224  INFO 11156 --- [  restartedMain] ConditionEvaluationReportLoggingListener : 

Error starting ApplicationContext. To display the conditions report re-run your application with 'debug' enabled.
2020-12-15 21:10:14.251 ERROR 11156 --- [  restartedMain] o.s.b.d.LoggingFailureAnalysisReporter   : 

***************************
APPLICATION FAILED TO START
***************************

Description:

Web server failed to start. Port 8082 was already in use.

Action:

Identify and stop the process that's listening on port 8082 or configure this application to listen on another port.


BUILD SUCCESSFUL in 37s
3 actionable tasks: 2 executed, 1 up-to-date
[INFO] Scanning for projects...
[INFO] 
[INFO] ----------------< com.devopsusach2020:DevOpsUsach2020 >-----------------
[INFO] Building DevOpsUsach2020 0.0.1
[INFO] --------------------------------[ jar ]---------------------------------
[INFO] 
[INFO] >>> spring-boot-maven-plugin:2.3.4.RELEASE:run (default-cli) > test-compile @ DevOpsUsach2020 >>>
[INFO] 
[INFO] --- maven-resources-plugin:3.1.0:resources (default-resources) @ DevOpsUsach2020 ---
[INFO] Using 'UTF-8' encoding to copy filtered resources.
[INFO] Copying 1 resource
[INFO] Copying 0 resource
[INFO] 
[INFO] --- maven-compiler-plugin:3.8.1:compile (default-compile) @ DevOpsUsach2020 ---
[INFO] Nothing to compile - all classes are up to date
[INFO] 
[INFO] --- maven-resources-plugin:3.1.0:testResources (default-testResources) @ DevOpsUsach2020 ---
[INFO] Using 'UTF-8' encoding to copy filtered resources.
[INFO] skip non existing resourceDirectory D:\Diplomado\talleres\ejemplo-gradle\src\test\resources
[INFO] 
[INFO] --- maven-compiler-plugin:3.8.1:testCompile (default-testCompile) @ DevOpsUsach2020 ---
[INFO] Nothing to compile - all classes are up to date
[INFO] 
[INFO] <<< spring-boot-maven-plugin:2.3.4.RELEASE:run (default-cli) < test-compile @ DevOpsUsach2020 <<<
[INFO] 
[INFO] 
[INFO] --- spring-boot-maven-plugin:2.3.4.RELEASE:run (default-cli) @ DevOpsUsach2020 ---
[INFO] Attaching agents: []
Error: no se ha encontrado o cargado la clase principal com.lapots.breed.hero.journey.web.HeroJourneyWebApplication
[INFO] ------------------------------------------------------------------------
[INFO] BUILD FAILURE
[INFO] ------------------------------------------------------------------------
[INFO] Total time:  2.383 s
[INFO] Finished at: 2021-01-03T19:53:14-03:00
[INFO] ------------------------------------------------------------------------
[ERROR] Failed to execute goal org.springframework.boot:spring-boot-maven-plugin:2.3.4.RELEASE:run (default-cli) on project DevOpsUsach2020: Application finished with exit code: 1 -> [Help 1]
[ERROR] 
[ERROR] To see the full stack trace of the errors, re-run Maven with the -e switch.
[ERROR] Re-run Maven using the -X switch to enable full debug logging.
[ERROR] 
[ERROR] For more information about the errors and possible solutions, please read the following articles:
[ERROR] [Help 1] http://cwiki.apache.org/confluence/display/MAVEN/MojoExecutionException
[INFO] Scanning for projects...
[INFO] 
[INFO] ----------------< com.devopsusach2020:DevOpsUsach2020 >-----------------
[INFO] Building DevOpsUsach2020 0.0.1
[INFO] --------------------------------[ jar ]---------------------------------
[INFO] 
[INFO] >>> spring-boot-maven-plugin:2.3.4.RELEASE:run (default-cli) > test-compile @ DevOpsUsach2020 >>>
[INFO] 
[INFO] --- maven-resources-plugin:3.1.0:resources (default-resources) @ DevOpsUsach2020 ---
[INFO] Using 'UTF-8' encoding to copy filtered resources.
[INFO] Copying 1 resource
[INFO] Copying 0 resource
[INFO] 
[INFO] --- maven-compiler-plugin:3.8.1:compile (default-compile) @ DevOpsUsach2020 ---
[INFO] Nothing to compile - all classes are up to date
[INFO] 
[INFO] --- maven-resources-plugin:3.1.0:testResources (default-testResources) @ DevOpsUsach2020 ---
[INFO] Using 'UTF-8' encoding to copy filtered resources.
[INFO] skip non existing resourceDirectory D:\Diplomado\talleres\ejemplo-gradle\src\test\resources
[INFO] 
[INFO] --- maven-compiler-plugin:3.8.1:testCompile (default-testCompile) @ DevOpsUsach2020 ---
[INFO] Nothing to compile - all classes are up to date
[INFO] 
[INFO] <<< spring-boot-maven-plugin:2.3.4.RELEASE:run (default-cli) < test-compile @ DevOpsUsach2020 <<<
[INFO] 
[INFO] 
[INFO] --- spring-boot-maven-plugin:2.3.4.RELEASE:run (default-cli) @ DevOpsUsach2020 ---
[INFO] Attaching agents: []
Error: no se ha encontrado o cargado la clase principal com.lapots.breed.hero.journey.web.HeroJourneyWebApplication
[INFO] ------------------------------------------------------------------------
[INFO] BUILD FAILURE
[INFO] ------------------------------------------------------------------------
[INFO] Total time:  2.234 s
[INFO] Finished at: 2021-01-03T19:53:57-03:00
[INFO] ------------------------------------------------------------------------
[ERROR] Failed to execute goal org.springframework.boot:spring-boot-maven-plugin:2.3.4.RELEASE:run (default-cli) on project DevOpsUsach2020: Application finished with exit code: 1 -> [Help 1]
[ERROR] 
[ERROR] To see the full stack trace of the errors, re-run Maven with the -e switch.
[ERROR] Re-run Maven using the -X switch to enable full debug logging.
[ERROR] 
[ERROR] For more information about the errors and possible solutions, please read the following articles:
[ERROR] [Help 1] http://cwiki.apache.org/confluence/display/MAVEN/MojoExecutionException
